Sat Apr 14 18:11:51 2018 us=34479 Current Parameter Settings:
Sat Apr 14 18:11:51 2018 us=34479   config = 'client.ovpn'
Sat Apr 14 18:11:51 2018 us=34479   mode = 0
Sat Apr 14 18:11:51 2018 us=34479   show_ciphers = DISABLED
Sat Apr 14 18:11:51 2018 us=34479   show_digests = DISABLED
Sat Apr 14 18:11:51 2018 us=34479   show_engines = DISABLED
Sat Apr 14 18:11:51 2018 us=34479   genkey = DISABLED
Sat Apr 14 18:11:51 2018 us=34479   key_pass_file = '[UNDEF]'
Sat Apr 14 18:11:51 2018 us=34479   show_tls_ciphers = DISABLED
Sat Apr 14 18:11:51 2018 us=34479 Connection profiles [default]:
Sat Apr 14 18:11:51 2018 us=34479   proto = tcp-client
Sat Apr 14 18:11:51 2018 us=34479   local = '[UNDEF]'
Sat Apr 14 18:11:51 2018 us=34479   local_port = 0
Sat Apr 14 18:11:51 2018 us=34479   remote = '127.0.0.1'
Sat Apr 14 18:11:51 2018 us=34479   remote_port = 1195
Sat Apr 14 18:11:51 2018 us=34479   remote_float = DISABLED
Sat Apr 14 18:11:51 2018 us=34479   bind_defined = DISABLED
Sat Apr 14 18:11:51 2018 us=34479   bind_local = DISABLED
Sat Apr 14 18:11:51 2018 us=34479   connect_retry_seconds = 5
Sat Apr 14 18:11:51 2018 us=34479   connect_timeout = 10
Sat Apr 14 18:11:51 2018 us=34479   connect_retry_max = 0
Sat Apr 14 18:11:51 2018 us=34479   xormethod = 0
Sat Apr 14 18:11:51 2018 us=34479   xormask = ''
Sat Apr 14 18:11:51 2018 us=34479   xormasklen = 1
Sat Apr 14 18:11:51 2018 us=34479   socks_proxy_server = '[UNDEF]'
Sat Apr 14 18:11:51 2018 us=34479   socks_proxy_port = 0
Sat Apr 14 18:11:51 2018 us=34479   socks_proxy_retry = DISABLED
Sat Apr 14 18:11:51 2018 us=34479   tun_mtu = 1500
Sat Apr 14 18:11:51 2018 us=34479   tun_mtu_defined = ENABLED
Sat Apr 14 18:11:51 2018 us=34479   link_mtu = 1500
Sat Apr 14 18:11:51 2018 us=34479   link_mtu_defined = DISABLED
Sat Apr 14 18:11:51 2018 us=34479   tun_mtu_extra = 32
Sat Apr 14 18:11:51 2018 us=34479   tun_mtu_extra_defined = ENABLED
Sat Apr 14 18:11:51 2018 us=34479   mtu_discover_type = -1
Sat Apr 14 18:11:51 2018 us=34479   fragment = 0
Sat Apr 14 18:11:51 2018 us=34479   mssfix = 1450
Sat Apr 14 18:11:51 2018 us=34479   explicit_exit_notification = 0
Sat Apr 14 18:11:51 2018 us=34479 Connection profiles END
Sat Apr 14 18:11:51 2018 us=34479   remote_random = DISABLED
Sat Apr 14 18:11:51 2018 us=34479   ipchange = '[UNDEF]'
Sat Apr 14 18:11:51 2018 us=34479   dev = 'tap'
Sat Apr 14 18:11:51 2018 us=34479   dev_type = '[UNDEF]'
Sat Apr 14 18:11:51 2018 us=34479   dev_node = '[UNDEF]'
Sat Apr 14 18:11:51 2018 us=34479   lladdr = '[UNDEF]'
Sat Apr 14 18:11:51 2018 us=34479   topology = 1
Sat Apr 14 18:11:51 2018 us=34479   tun_ipv6 = DISABLED
Sat Apr 14 18:11:51 2018 us=34479   ifconfig_local = '[UNDEF]'
Sat Apr 14 18:11:51 2018 us=34479   ifconfig_remote_netmask = '[UNDEF]'
Sat Apr 14 18:11:51 2018 us=34479   ifconfig_noexec = DISABLED
Sat Apr 14 18:11:51 2018 us=34479   ifconfig_nowarn = ENABLED
Sat Apr 14 18:11:51 2018 us=34479   ifconfig_ipv6_local = '[UNDEF]'
Sat Apr 14 18:11:51 2018 us=34479   ifconfig_ipv6_netbits = 0
Sat Apr 14 18:11:51 2018 us=34479   ifconfig_ipv6_remote = '[UNDEF]'
Sat Apr 14 18:11:51 2018 us=34479   shaper = 0
Sat Apr 14 18:11:51 2018 us=34479   mtu_test = 0
Sat Apr 14 18:11:51 2018 us=34479   mlock = DISABLED
Sat Apr 14 18:11:51 2018 us=34479   keepalive_ping = 0
Sat Apr 14 18:11:51 2018 us=34479   keepalive_timeout = 0
Sat Apr 14 18:11:51 2018 us=34479   inactivity_timeout = 0
Sat Apr 14 18:11:51 2018 us=34479   ping_send_timeout = 0
Sat Apr 14 18:11:51 2018 us=34479   ping_rec_timeout = 0
Sat Apr 14 18:11:51 2018 us=34479   ping_rec_timeout_action = 0
Sat Apr 14 18:11:51 2018 us=34479   ping_timer_remote = DISABLED
Sat Apr 14 18:11:51 2018 us=34479   remap_sigusr1 = 0
Sat Apr 14 18:11:51 2018 us=34479   persist_tun = DISABLED
Sat Apr 14 18:11:51 2018 us=34479   persist_local_ip = DISABLED
Sat Apr 14 18:11:51 2018 us=34479   persist_remote_ip = DISABLED
Sat Apr 14 18:11:51 2018 us=34479   persist_key = DISABLED
Sat Apr 14 18:11:51 2018 us=34479   passtos = DISABLED
Sat Apr 14 18:11:51 2018 us=34479   resolve_retry_seconds = 1000000000
Sat Apr 14 18:11:51 2018 us=34479   username = '[UNDEF]'
Sat Apr 14 18:11:51 2018 us=34479   groupname = '[UNDEF]'
Sat Apr 14 18:11:51 2018 us=34479   chroot_dir = '[UNDEF]'
Sat Apr 14 18:11:51 2018 us=34479   cd_dir = 'C:\Users\Admin\Desktop\auto_bridge-openvpn\auto_bridge-openvpn\\etc\openvpn'
Sat Apr 14 18:11:51 2018 us=34479   writepid = '[UNDEF]'
Sat Apr 14 18:11:51 2018 us=34479   up_script = '[UNDEF]'
Sat Apr 14 18:11:51 2018 us=34479   down_script = '[UNDEF]'
Sat Apr 14 18:11:51 2018 us=34479   down_pre = DISABLED
Sat Apr 14 18:11:51 2018 us=34479   up_restart = DISABLED
Sat Apr 14 18:11:51 2018 us=34479   up_delay = DISABLED
Sat Apr 14 18:11:51 2018 us=34479   daemon = DISABLED
Sat Apr 14 18:11:51 2018 us=34479   inetd = 0
Sat Apr 14 18:11:51 2018 us=34479   log = ENABLED
Sat Apr 14 18:11:51 2018 us=34479   suppress_timestamps = DISABLED
Sat Apr 14 18:11:51 2018 us=34479   nice = 0
Sat Apr 14 18:11:51 2018 us=34479   verbosity = 5
Sat Apr 14 18:11:51 2018 us=34479   mute = 0
Sat Apr 14 18:11:51 2018 us=34479   gremlin = 0
Sat Apr 14 18:11:51 2018 us=34479   status_file = '[UNDEF]'
Sat Apr 14 18:11:51 2018 us=34479   status_file_version = 1
Sat Apr 14 18:11:51 2018 us=34479   status_file_update_freq = 60
Sat Apr 14 18:11:51 2018 us=34479   occ = ENABLED
Sat Apr 14 18:11:51 2018 us=34479   rcvbuf = 0
Sat Apr 14 18:11:51 2018 us=34479   sndbuf = 0
Sat Apr 14 18:11:51 2018 us=34479   sockflags = 0
Sat Apr 14 18:11:51 2018 us=34479   fast_io = DISABLED
Sat Apr 14 18:11:51 2018 us=34479   lzo = 7
Sat Apr 14 18:11:51 2018 us=34479   route_script = '[UNDEF]'
Sat Apr 14 18:11:51 2018 us=34479   route_default_gateway = '[UNDEF]'
Sat Apr 14 18:11:51 2018 us=34479   route_default_metric = 0
Sat Apr 14 18:11:51 2018 us=34479   route_noexec = DISABLED
Sat Apr 14 18:11:51 2018 us=34479   route_delay = 0
Sat Apr 14 18:11:51 2018 us=34479   route_delay_window = 30
Sat Apr 14 18:11:51 2018 us=34479   route_delay_defined = ENABLED
Sat Apr 14 18:11:51 2018 us=34479   route_nopull = DISABLED
Sat Apr 14 18:11:51 2018 us=34479   route_gateway_via_dhcp = DISABLED
Sat Apr 14 18:11:51 2018 us=34479   max_routes = 100
Sat Apr 14 18:11:51 2018 us=34479   allow_pull_fqdn = DISABLED
Sat Apr 14 18:11:51 2018 us=34479   [redirect_default_gateway local=0]
Sat Apr 14 18:11:51 2018 us=34479   route 10.0.0.169/255.255.255.255/net_gateway/default (not set)
Sat Apr 14 18:11:51 2018 us=34479   management_addr = '[UNDEF]'
Sat Apr 14 18:11:51 2018 us=34479   management_port = 0
Sat Apr 14 18:11:51 2018 us=34479   management_user_pass = '[UNDEF]'
Sat Apr 14 18:11:51 2018 us=34479   management_log_history_cache = 250
Sat Apr 14 18:11:51 2018 us=34479   management_echo_buffer_size = 100
Sat Apr 14 18:11:51 2018 us=34479   management_write_peer_info_file = '[UNDEF]'
Sat Apr 14 18:11:51 2018 us=34479   management_client_user = '[UNDEF]'
Sat Apr 14 18:11:51 2018 us=34479   management_client_group = '[UNDEF]'
Sat Apr 14 18:11:51 2018 us=34479   management_flags = 0
Sat Apr 14 18:11:51 2018 us=34479   shared_secret_file = '[UNDEF]'
Sat Apr 14 18:11:51 2018 us=34479   key_direction = 0
Sat Apr 14 18:11:51 2018 us=34479   ciphername_defined = DISABLED
Sat Apr 14 18:11:51 2018 us=34479   ciphername = '[UNDEF]'
Sat Apr 14 18:11:51 2018 us=34479   authname_defined = ENABLED
Sat Apr 14 18:11:51 2018 us=34479   authname = 'SHA1'
Sat Apr 14 18:11:51 2018 us=34479   prng_hash = 'SHA1'
Sat Apr 14 18:11:51 2018 us=34479   prng_nonce_secret_len = 16
Sat Apr 14 18:11:51 2018 us=34479   keysize = 0
Sat Apr 14 18:11:51 2018 us=34479   engine = DISABLED
Sat Apr 14 18:11:51 2018 us=34479   replay = ENABLED
Sat Apr 14 18:11:51 2018 us=34479   mute_replay_warnings = DISABLED
Sat Apr 14 18:11:51 2018 us=34479   replay_window = 64
Sat Apr 14 18:11:51 2018 us=34479   replay_time = 15
Sat Apr 14 18:11:51 2018 us=34479   packet_id_file = '[UNDEF]'
Sat Apr 14 18:11:51 2018 us=34479   use_iv = ENABLED
Sat Apr 14 18:11:51 2018 us=34479   test_crypto = DISABLED
Sat Apr 14 18:11:51 2018 us=34479   tls_server = DISABLED
Sat Apr 14 18:11:51 2018 us=34479   tls_client = ENABLED
Sat Apr 14 18:11:51 2018 us=34479   key_method = 2
Sat Apr 14 18:11:51 2018 us=34479   ca_file = '[[INLINE]]'
Sat Apr 14 18:11:51 2018 us=34479   ca_path = '[UNDEF]'
Sat Apr 14 18:11:51 2018 us=34479   dh_file = '[UNDEF]'
Sat Apr 14 18:11:51 2018 us=34479   cert_file = '[UNDEF]'
Sat Apr 14 18:11:51 2018 us=34479   extra_certs_file = '[UNDEF]'
Sat Apr 14 18:11:51 2018 us=34479   priv_key_file = '[UNDEF]'
Sat Apr 14 18:11:51 2018 us=34479   pkcs12_file = '[UNDEF]'
Sat Apr 14 18:11:51 2018 us=34479   cryptoapi_cert = '[UNDEF]'
Sat Apr 14 18:11:51 2018 us=34479   cipher_list = '[UNDEF]'
Sat Apr 14 18:11:51 2018 us=34479   tls_verify = '[UNDEF]'
Sat Apr 14 18:11:51 2018 us=34479   tls_export_cert = '[UNDEF]'
Sat Apr 14 18:11:51 2018 us=34479   verify_x509_type = 0
Sat Apr 14 18:11:51 2018 us=34479   verify_x509_name = '[UNDEF]'
Sat Apr 14 18:11:51 2018 us=34479   crl_file = '[UNDEF]'
Sat Apr 14 18:11:51 2018 us=34479   ns_cert_type = 0
Sat Apr 14 18:11:51 2018 us=34479   remote_cert_ku[i] = 160
Sat Apr 14 18:11:51 2018 us=34479   remote_cert_ku[i] = 136
Sat Apr 14 18:11:51 2018 us=34479   remote_cert_ku[i] = 0
Sat Apr 14 18:11:51 2018 us=34479   remote_cert_ku[i] = 0
Sat Apr 14 18:11:51 2018 us=34479   remote_cert_ku[i] = 0
Sat Apr 14 18:11:51 2018 us=34479   remote_cert_ku[i] = 0
Sat Apr 14 18:11:51 2018 us=34479   remote_cert_ku[i] = 0
Sat Apr 14 18:11:51 2018 us=34479   remote_cert_ku[i] = 0
Sat Apr 14 18:11:51 2018 us=34479   remote_cert_ku[i] = 0
Sat Apr 14 18:11:51 2018 us=34479   remote_cert_ku[i] = 0
Sat Apr 14 18:11:51 2018 us=34479   remote_cert_ku[i] = 0
Sat Apr 14 18:11:51 2018 us=34479   remote_cert_ku[i] = 0
Sat Apr 14 18:11:51 2018 us=34479   remote_cert_ku[i] = 0
Sat Apr 14 18:11:51 2018 us=34479   remote_cert_ku[i] = 0
Sat Apr 14 18:11:51 2018 us=34479   remote_cert_ku[i] = 0
Sat Apr 14 18:11:51 2018 us=34479   remote_cert_ku[i] = 0
Sat Apr 14 18:11:51 2018 us=34479   remote_cert_eku = 'TLS Web Server Authentication'
Sat Apr 14 18:11:51 2018 us=34479   ssl_flags = 0
Sat Apr 14 18:11:51 2018 us=34479   tls_timeout = 2
Sat Apr 14 18:11:51 2018 us=34479   renegotiate_bytes = -1
Sat Apr 14 18:11:51 2018 us=34479   renegotiate_packets = 0
Sat Apr 14 18:11:51 2018 us=34479   renegotiate_seconds = 3600
Sat Apr 14 18:11:51 2018 us=34479   handshake_window = 60
Sat Apr 14 18:11:51 2018 us=34479   transition_window = 3600
Sat Apr 14 18:11:51 2018 us=34479   single_session = DISABLED
Sat Apr 14 18:11:51 2018 us=34479   push_peer_info = DISABLED
Sat Apr 14 18:11:51 2018 us=34479   tls_exit = DISABLED
Sat Apr 14 18:11:51 2018 us=34479   tls_auth_file = '[UNDEF]'
Sat Apr 14 18:11:51 2018 us=34479   pkcs11_protected_authentication = DISABLED
Sat Apr 14 18:11:51 2018 us=34479   pkcs11_protected_authentication = DISABLED
Sat Apr 14 18:11:51 2018 us=34479   pkcs11_protected_authentication = DISABLED
Sat Apr 14 18:11:51 2018 us=34479   pkcs11_protected_authentication = DISABLED
Sat Apr 14 18:11:51 2018 us=34479   pkcs11_protected_authentication = DISABLED
Sat Apr 14 18:11:51 2018 us=34479   pkcs11_protected_authentication = DISABLED
Sat Apr 14 18:11:51 2018 us=34479   pkcs11_protected_authentication = DISABLED
Sat Apr 14 18:11:51 2018 us=34479   pkcs11_protected_authentication = DISABLED
Sat Apr 14 18:11:51 2018 us=34479   pkcs11_protected_authentication = DISABLED
Sat Apr 14 18:11:51 2018 us=34479   pkcs11_protected_authentication = DISABLED
Sat Apr 14 18:11:51 2018 us=34479   pkcs11_protected_authentication = DISABLED
Sat Apr 14 18:11:51 2018 us=34479   pkcs11_protected_authentication = DISABLED
Sat Apr 14 18:11:51 2018 us=34479   pkcs11_protected_authentication = DISABLED
Sat Apr 14 18:11:51 2018 us=34479   pkcs11_protected_authentication = DISABLED
Sat Apr 14 18:11:51 2018 us=34479   pkcs11_protected_authentication = DISABLED
Sat Apr 14 18:11:51 2018 us=34479   pkcs11_protected_authentication = DISABLED
Sat Apr 14 18:11:51 2018 us=34479   pkcs11_private_mode = 00000000
Sat Apr 14 18:11:51 2018 us=34479   pkcs11_private_mode = 00000000
Sat Apr 14 18:11:51 2018 us=34479   pkcs11_private_mode = 00000000
Sat Apr 14 18:11:51 2018 us=34479   pkcs11_private_mode = 00000000
Sat Apr 14 18:11:51 2018 us=34479   pkcs11_private_mode = 00000000
Sat Apr 14 18:11:51 2018 us=34479   pkcs11_private_mode = 00000000
Sat Apr 14 18:11:51 2018 us=34479   pkcs11_private_mode = 00000000
Sat Apr 14 18:11:51 2018 us=34479   pkcs11_private_mode = 00000000
Sat Apr 14 18:11:51 2018 us=34479   pkcs11_private_mode = 00000000
Sat Apr 14 18:11:51 2018 us=34479   pkcs11_private_mode = 00000000
Sat Apr 14 18:11:51 2018 us=34479   pkcs11_private_mode = 00000000
Sat Apr 14 18:11:51 2018 us=34479   pkcs11_private_mode = 00000000
Sat Apr 14 18:11:51 2018 us=34479   pkcs11_private_mode = 00000000
Sat Apr 14 18:11:51 2018 us=34479   pkcs11_private_mode = 00000000
Sat Apr 14 18:11:51 2018 us=34479   pkcs11_private_mode = 00000000
Sat Apr 14 18:11:51 2018 us=34479   pkcs11_private_mode = 00000000
Sat Apr 14 18:11:51 2018 us=34479   pkcs11_cert_private = DISABLED
Sat Apr 14 18:11:51 2018 us=34479   pkcs11_cert_private = DISABLED
Sat Apr 14 18:11:51 2018 us=34479   pkcs11_cert_private = DISABLED
Sat Apr 14 18:11:51 2018 us=34479   pkcs11_cert_private = DISABLED
Sat Apr 14 18:11:51 2018 us=34479   pkcs11_cert_private = DISABLED
Sat Apr 14 18:11:51 2018 us=34479   pkcs11_cert_private = DISABLED
Sat Apr 14 18:11:51 2018 us=34479   pkcs11_cert_private = DISABLED
Sat Apr 14 18:11:51 2018 us=34479   pkcs11_cert_private = DISABLED
Sat Apr 14 18:11:51 2018 us=34479   pkcs11_cert_private = DISABLED
Sat Apr 14 18:11:51 2018 us=34479   pkcs11_cert_private = DISABLED
Sat Apr 14 18:11:51 2018 us=34479   pkcs11_cert_private = DISABLED
Sat Apr 14 18:11:51 2018 us=34479   pkcs11_cert_private = DISABLED
Sat Apr 14 18:11:51 2018 us=34479   pkcs11_cert_private = DISABLED
Sat Apr 14 18:11:51 2018 us=34479   pkcs11_cert_private = DISABLED
Sat Apr 14 18:11:51 2018 us=34479   pkcs11_cert_private = DISABLED
Sat Apr 14 18:11:51 2018 us=34479   pkcs11_cert_private = DISABLED
Sat Apr 14 18:11:51 2018 us=34479   pkcs11_pin_cache_period = -1
Sat Apr 14 18:11:51 2018 us=34479   pkcs11_id = '[UNDEF]'
Sat Apr 14 18:11:51 2018 us=34479   pkcs11_id_management = DISABLED
Sat Apr 14 18:11:51 2018 us=34479   server_network = 0.0.0.0
Sat Apr 14 18:11:51 2018 us=34479   server_netmask = 0.0.0.0
Sat Apr 14 18:11:51 2018 us=34479   server_network_ipv6 = ::
Sat Apr 14 18:11:51 2018 us=34479   server_netbits_ipv6 = 0
Sat Apr 14 18:11:51 2018 us=34479   server_bridge_ip = 0.0.0.0
Sat Apr 14 18:11:51 2018 us=34479   server_bridge_netmask = 0.0.0.0
Sat Apr 14 18:11:51 2018 us=34479   server_bridge_pool_start = 0.0.0.0
Sat Apr 14 18:11:51 2018 us=34479   server_bridge_pool_end = 0.0.0.0
Sat Apr 14 18:11:51 2018 us=34479   ifconfig_pool_defined = DISABLED
Sat Apr 14 18:11:51 2018 us=34479   ifconfig_pool_start = 0.0.0.0
Sat Apr 14 18:11:51 2018 us=34479   ifconfig_pool_end = 0.0.0.0
Sat Apr 14 18:11:51 2018 us=34479   ifconfig_pool_netmask = 0.0.0.0
Sat Apr 14 18:11:51 2018 us=34479   ifconfig_pool_persist_filename = '[UNDEF]'
Sat Apr 14 18:11:51 2018 us=34479   ifconfig_pool_persist_refresh_freq = 600
Sat Apr 14 18:11:51 2018 us=34479   ifconfig_ipv6_pool_defined = DISABLED
Sat Apr 14 18:11:51 2018 us=34479   ifconfig_ipv6_pool_base = ::
Sat Apr 14 18:11:51 2018 us=34479   ifconfig_ipv6_pool_netbits = 0
Sat Apr 14 18:11:51 2018 us=34479   n_bcast_buf = 256
Sat Apr 14 18:11:51 2018 us=34479   tcp_queue_limit = 64
Sat Apr 14 18:11:51 2018 us=34479   real_hash_size = 256
Sat Apr 14 18:11:51 2018 us=34479   virtual_hash_size = 256
Sat Apr 14 18:11:51 2018 us=34479   client_connect_script = '[UNDEF]'
Sat Apr 14 18:11:51 2018 us=34479   learn_address_script = '[UNDEF]'
Sat Apr 14 18:11:51 2018 us=34479   client_disconnect_script = '[UNDEF]'
Sat Apr 14 18:11:51 2018 us=34479   client_config_dir = '[UNDEF]'
Sat Apr 14 18:11:51 2018 us=34479   ccd_exclusive = DISABLED
Sat Apr 14 18:11:51 2018 us=34479   tmp_dir = 'C:\Users\Admin\AppData\Local\Temp\'
Sat Apr 14 18:11:51 2018 us=34479   push_ifconfig_defined = DISABLED
Sat Apr 14 18:11:51 2018 us=34479   push_ifconfig_local = 0.0.0.0
Sat Apr 14 18:11:51 2018 us=34479   push_ifconfig_remote_netmask = 0.0.0.0
Sat Apr 14 18:11:51 2018 us=34479   push_ifconfig_ipv6_defined = DISABLED
Sat Apr 14 18:11:51 2018 us=34479   push_ifconfig_ipv6_local = ::/0
Sat Apr 14 18:11:51 2018 us=34479   push_ifconfig_ipv6_remote = ::
Sat Apr 14 18:11:51 2018 us=34479   enable_c2c = DISABLED
Sat Apr 14 18:11:51 2018 us=34479   duplicate_cn = DISABLED
Sat Apr 14 18:11:51 2018 us=34479   cf_max = 0
Sat Apr 14 18:11:51 2018 us=34479   cf_per = 0
Sat Apr 14 18:11:51 2018 us=34479   max_clients = 1024
Sat Apr 14 18:11:51 2018 us=34479   max_routes_per_client = 256
Sat Apr 14 18:11:51 2018 us=34479   auth_user_pass_verify_script = '[UNDEF]'
Sat Apr 14 18:11:51 2018 us=34479   auth_user_pass_verify_script_via_file = DISABLED
Sat Apr 14 18:11:51 2018 us=34479   client = ENABLED
Sat Apr 14 18:11:51 2018 us=34479   pull = ENABLED
Sat Apr 14 18:11:51 2018 us=34479   auth_user_pass_file = 'C:\Users\Admin\Desktop\auto_bridge-openvpn\auto_bridge-openvpn\\etc\openvpn\auth.txt'
Sat Apr 14 18:11:51 2018 us=34479   show_net_up = DISABLED
Sat Apr 14 18:11:51 2018 us=34479   route_method = 0
Sat Apr 14 18:11:51 2018 us=34479   block_outside_dns = DISABLED
Sat Apr 14 18:11:51 2018 us=34479   ip_win32_defined = DISABLED
Sat Apr 14 18:11:51 2018 us=34479   ip_win32_type = 3
Sat Apr 14 18:11:51 2018 us=34479   dhcp_masq_offset = 0
Sat Apr 14 18:11:51 2018 us=34479   dhcp_lease_time = 31536000
Sat Apr 14 18:11:51 2018 us=34479   tap_sleep = 0
Sat Apr 14 18:11:51 2018 us=34479   dhcp_options = DISABLED
Sat Apr 14 18:11:51 2018 us=34479   dhcp_renew = DISABLED
Sat Apr 14 18:11:51 2018 us=34479   dhcp_pre_release = DISABLED
Sat Apr 14 18:11:51 2018 us=34479   dhcp_release = DISABLED
Sat Apr 14 18:11:51 2018 us=34479   domain = '[UNDEF]'
Sat Apr 14 18:11:51 2018 us=34479   netbios_scope = '[UNDEF]'
Sat Apr 14 18:11:51 2018 us=34479   netbios_node_type = 0
Sat Apr 14 18:11:51 2018 us=34479   disable_nbt = DISABLED
Sat Apr 14 18:11:51 2018 us=34479 OpenVPN 2.3.17 x86_64-w64-mingw32 [SSL (OpenSSL)] [LZO] [PKCS11] [IPv6] built on Jul 28 2017
Sat Apr 14 18:11:51 2018 us=34479 Windows version 6.2 (Windows 8 or greater) 64bit
Sat Apr 14 18:11:51 2018 us=34479 library versions: OpenSSL 1.0.2l  25 May 2017, LZO 2.10
Sat Apr 14 18:11:51 2018 us=159490 ******* WARNING *******: '--cipher none' was specified. This means NO encryption will be performed and tunnelled data WILL be transmitted in clear text over the network! PLEASE DO RECONSIDER THIS SETTING!
Sat Apr 14 18:11:51 2018 us=159490 LZO compression initialized
Sat Apr 14 18:11:51 2018 us=159490 Control Channel MTU parms [ L:1560 D:1210 EF:40 EB:0 ET:0 EL:3 ]
Sat Apr 14 18:11:51 2018 us=159490 Socket Buffers: R=[65536->65536] S=[65536->65536]
Sat Apr 14 18:11:51 2018 us=159490 Data Channel MTU parms [ L:1560 D:1450 EF:28 EB:143 ET:32 EL:3 AF:14/28 ]
Sat Apr 14 18:11:51 2018 us=159490 Local Options String: 'V4,dev-type tap,link-mtu 1560,tun-mtu 1532,proto TCPv4_CLIENT,comp-lzo,cipher [null-cipher],auth SHA1,keysize 0,key-method 2,tls-client'
Sat Apr 14 18:11:51 2018 us=159490 Expected Remote Options String: 'V4,dev-type tap,link-mtu 1560,tun-mtu 1532,proto TCPv4_SERVER,comp-lzo,cipher [null-cipher],auth SHA1,keysize 0,key-method 2,tls-server'
Sat Apr 14 18:11:51 2018 us=159490 Local Options hash (VER=V4): '629dd956'
Sat Apr 14 18:11:51 2018 us=159490 Expected Remote Options hash (VER=V4): '3b1c829a'
Sat Apr 14 18:11:51 2018 us=159490 Attempting to establish TCP connection with [AF_INET]127.0.0.1:1195 [nonblock]
Sat Apr 14 18:11:51 2018 us=159490 TCP connection established with [AF_INET]127.0.0.1:1195
Sat Apr 14 18:11:51 2018 us=159490 TCPv4_CLIENT link local: [undef]
Sat Apr 14 18:11:51 2018 us=159490 TCPv4_CLIENT link remote: [AF_INET]127.0.0.1:1195
Sat Apr 14 18:11:52 2018 us=628367 Connection reset, restarting [-1]
Sat Apr 14 18:11:52 2018 us=628367 TCP/UDP: Closing socket
Sat Apr 14 18:11:52 2018 us=628367 SIGUSR1[soft,connection-reset] received, process restarting
Sat Apr 14 18:11:52 2018 us=628367 Restart pause, 5 second(s)
